d:\program files (x86)\3d天天飞车\debug\vc120.pdb
d:\program files (x86)\3d天天飞车\debug\vc120.idb
d:\program files (x86)\3d天天飞车\debug\camera.obj
d:\program files (x86)\3d天天飞车\debug\d3dutility.obj
d:\program files (x86)\3d天天飞车\debug\loadmesh.obj
d:\program files (x86)\3d天天飞车\debug\main.obj
d:\program files (x86)\3d天天飞车\debug\psystem.obj
d:\program files (x86)\3d天天飞车\debug\setgui.obj
d:\program files (x86)\3d天天飞车\debug\skybox.obj
d:\program files (x86)\3d天天飞车\debug\d3dgui.obj
d:\program files (x86)\3d天天飞车\debug\setandrender.obj
d:\program files (x86)\3d天天飞车\debug\control.obj
d:\program files (x86)\3d天天飞车\debug\3d天天飞车.ilk
d:\program files (x86)\3d天天飞车\debug\3d天天飞车.exe
d:\program files (x86)\3d天天飞车\debug\3d天天飞车.pdb
d:\program files (x86)\3d天天飞车\debug\3d天天飞车.tlog\cl.command.1.tlog
d:\program files (x86)\3d天天飞车\debug\3d天天飞车.tlog\cl.read.1.tlog
d:\program files (x86)\3d天天飞车\debug\3d天天飞车.tlog\cl.write.1.tlog
d:\program files (x86)\3d天天飞车\debug\3d天天飞车.tlog\link.command.1.tlog
d:\program files (x86)\3d天天飞车\debug\3d天天飞车.tlog\link.read.1.tlog
d:\program files (x86)\3d天天飞车\debug\3d天天飞车.tlog\link.write.1.tlog
